[INFO] @ 2020-01-07 19:19:49.809401:  Command used
[ERROR] @ 2020-01-07 19:19:53.773636:  Command: k!massping by thepronoobkq failed
[INFO] @ 2020-01-07 19:19:53.782619:  Command used
[INFO] @ 2020-01-07 19:20:24.038723:  Command used
[INFO] @ 2020-01-07 19:20:32.845603:  Command used
[INFO] @ 2020-01-07 19:20:33.939751:  Command used
[INFO] @ 2020-01-07 19:20:50.794967:  Command used
[INFO] @ 2020-01-07 19:20:50.799949:  Command used
[INFO] @ 2020-01-07 19:21:03.832114:  Command used
[INFO] @ 2020-01-07 19:21:03.845076:  Command used
[INFO] @ 2020-01-07 19:23:16.822629:  Command used
[ERROR] @ 2020-01-07 19:23:21.833251:  Command: k!kick <@!445313502077386752> by thepronoobkq failed
[INFO] @ 2020-01-07 19:23:21.861183:  Command used
[INFO] @ 2020-01-07 19:24:13.825794:  Command used
[INFO] @ 2020-01-07 19:24:18.823165:  Command used
[INFO] @ 2020-01-07 19:24:23.843595:  Command used
[INFO] @ 2020-01-07 19:25:30.876069:  Command used
[INFO] @ 2020-01-07 19:27:51.885302:  Command used
[INFO] @ 2020-01-07 19:28:03.897676:  Command used
[INFO] @ 2020-01-07 19:28:48.907908:  Command used
[INFO] @ 2020-01-07 19:28:59.909637:  Command used
[INFO] @ 2020-01-07 19:29:13.906476:  Command used
[INFO] @ 2020-01-07 19:29:30.002256:  Command used
[INFO] @ 2020-01-07 19:29:45.986419:  Command used
[INFO] @ 2020-01-07 19:30:14.919120:  Command used
[INFO] @ 2020-01-07 19:30:19.942490:  Command used
[INFO] @ 2020-01-07 19:30:20.181852:  Command used
[INFO] @ 2020-01-07 19:30:22.931054:  Command used
[INFO] @ 2020-01-07 19:30:23.922986:  Command used
[INFO] @ 2020-01-07 19:31:34.953884:  Command used
[INFO] @ 2020-01-07 19:32:45.981803:  Command used
[INFO] @ 2020-01-07 19:33:22.997339:  Command used
[INFO] @ 2020-01-07 19:34:11.911473:  Command used
[INFO] @ 2020-01-07 19:34:14.009552:  Command used
[INFO] @ 2020-01-07 19:34:45.086737:  Command used
[INFO] @ 2020-01-08 10:11:51.311671:  Command used
[INFO] @ 2020-01-08 10:11:53.654901:  Command used
[INFO] @ 2020-01-08 10:11:57.304882:  Command used
[INFO] @ 2020-01-08 10:12:00.219149:  Command used
[INFO] @ 2020-01-08 10:12:01.073114:  Command used
[INFO] @ 2020-01-08 10:12:24.991837:  Command used
[INFO] @ 2020-01-08 10:12:25.234464:  Command used
[ERROR] @ 2020-01-08 10:12:25.275360:  Command: k!add by Tetrawyvern failed
[INFO] @ 2020-01-08 10:12:25.605675:  Command used
[INFO] @ 2020-01-08 10:12:34.935666:  Command used
[INFO] @ 2020-01-08 10:12:35.051904:  Command used
[INFO] @ 2020-01-08 10:12:41.373215:  Command used
[INFO] @ 2020-01-08 10:12:41.582257:  Command used
[INFO] @ 2020-01-08 10:12:51.048459:  Command used
[INFO] @ 2020-01-08 10:12:51.309821:  Command used
[ERROR] @ 2020-01-08 10:12:51.331764:  Command: k!add 39 by Tetrawyvern failed
[INFO] @ 2020-01-08 10:13:00.011386:  Command used
[INFO] @ 2020-01-08 10:13:04.516179:  Command used
[INFO] @ 2020-01-08 10:13:10.865571:  Command used
[INFO] @ 2020-01-08 10:13:24.997855:  Command used
[INFO] @ 2020-01-08 10:13:25.817174:  Command used
[INFO] @ 2020-01-08 10:13:50.600189:  Command used
[INFO] @ 2020-01-08 10:13:51.218767:  Command used
[INFO] @ 2020-01-08 10:14:04.115603:  Command used
[INFO] @ 2020-01-08 10:14:04.414312:  Command used
[INFO] @ 2020-01-08 10:14:11.081742:  Command used
[INFO] @ 2020-01-08 10:14:11.496267:  Command used
[INFO] @ 2020-01-08 10:14:22.341596:  Command used
[INFO] @ 2020-01-08 10:14:22.546863:  Command used
[INFO] @ 2020-01-08 10:15:01.049284:  Command used
[ERROR] @ 2020-01-08 10:15:01.457999:  Command: k!umm by Tetrawyvern failed
[INFO] @ 2020-01-08 10:15:01.464982:  Command used
[INFO] @ 2020-01-08 10:15:12.313543:  Command used
[INFO] @ 2020-01-08 10:15:27.591095:  Command used
[INFO] @ 2020-01-08 10:15:29.106730:  Command used
[INFO] @ 2020-01-08 10:15:57.983554:  Command used
[INFO] @ 2020-01-08 12:16:05.406053:  Command used
[INFO] @ 2020-01-08 12:16:05.891460:  Command used
[INFO] @ 2020-01-08 12:16:33.899282:  Command used
[INFO] @ 2020-01-08 12:16:34.020180:  Command used
[INFO] @ 2020-01-08 12:16:50.820626:  Command used
[INFO] @ 2020-01-08 13:01:53.625288:  Command used
[INFO] @ 2020-01-08 18:03:58.833186:  Command used
[INFO] @ 2020-01-08 18:04:05.433891:  Command used
[INFO] @ 2020-01-08 18:05:03.071207:  Command used
[INFO] @ 2020-01-08 18:05:03.794274:  Command used
[INFO] @ 2020-01-08 18:08:51.086355:  Command used
[INFO] @ 2020-01-08 18:08:51.316741:  Command used
[INFO] @ 2020-01-08 18:08:57.603947:  Command used
[INFO] @ 2020-01-08 18:09:31.588214:  Command used
[INFO] @ 2020-01-08 18:09:32.268933:  Command used
[INFO] @ 2020-01-08 18:09:54.033382:  Command used
[INFO] @ 2020-01-08 18:09:54.076517:  Command used
[INFO] @ 2020-01-08 18:10:16.785694:  Command used
[INFO] @ 2020-01-08 18:10:16.793671:  Command used
[INFO] @ 2020-01-08 19:08:49.154731:  Command used
[INFO] @ 2020-01-08 19:08:49.168693:  Command used
[INFO] @ 2020-01-08 19:08:53.108906:  Command used
[INFO] @ 2020-01-08 19:08:54.112668:  Command used
[INFO] @ 2020-01-08 19:10:22.129493:  Command used
[INFO] @ 2020-01-08 19:10:26.135285:  Command used
[INFO] @ 2020-01-08 19:10:38.115544:  Command used
[INFO] @ 2020-01-08 19:10:47.171699:  Command used
[INFO] @ 2020-01-08 19:10:48.132131:  Command used
[INFO] @ 2020-01-08 19:10:56.127971:  Command used
[INFO] @ 2020-01-08 19:10:56.144923:  Command used
[INFO] @ 2020-01-08 19:11:13.149124:  Command used
[INFO] @ 2020-01-08 19:11:14.192979:  Command used
[INFO] @ 2020-01-08 19:11:14.990844:  Command used
[INFO] @ 2020-01-08 19:11:20.114200:  Command used
[INFO] @ 2020-01-08 19:11:20.118191:  Command used
[INFO] @ 2020-01-08 19:11:33.117790:  Command used
[INFO] @ 2020-01-09 10:12:58.650258:  Command used
[INFO] @ 2020-01-09 10:12:58.852228:  Command used
[INFO] @ 2020-01-09 10:14:59.074928:  Command used
[INFO] @ 2020-01-09 10:14:59.276390:  Command used
[INFO] @ 2020-01-09 10:15:12.339945:  Command used
[INFO] @ 2020-01-09 10:15:12.541405:  Command used
[INFO] @ 2020-01-09 10:15:12.767365:  Command used
[INFO] @ 2020-01-09 10:17:02.117157:  Command used
[INFO] @ 2020-01-09 10:17:02.298181:  Command used
